[0m11:15:21.315659 [debug] [MainThread]: Sending event: {'category': 'dbt', 'action': 'invocation', 'label': 'start', 'context': [<snowplow_tracker.self_describing_json.SelfDescribingJson object at 0x10803b0e0>, <snowplow_tracker.self_describing_json.SelfDescribingJson object at 0x10965f610>, <snowplow_tracker.self_describing_json.SelfDescribingJson object at 0x10965f750>]}


============================== 11:15:21.317953 | 6b666a81-60fb-46b0-867e-5321872346e8 ==============================
[0m11:15:21.317953 [info ] [MainThread]: Running with dbt=1.11.7
[0m11:15:21.318173 [debug] [MainThread]: running dbt with arguments {'send_anonymous_usage_stats': 'True', 'invocation_command': 'dbt init --skip-profile-setup airbnb', 'cache_selected_only': 'False', 'version_check': 'True', 'target_path': 'None', 'profiles_dir': '/Users/lgoodwin/.dbt', 'quiet': 'False', 'printer_width': '80', 'use_colors': 'True', 'warn_error': 'None', 'warn_error_options': 'WarnErrorOptionsV2(error=[], warn=[], silence=[])', 'log_format': 'default', 'empty': 'None', 'fail_fast': 'False', 'partial_parse': 'True', 'use_experimental_parser': 'False', 'debug': 'False', 'no_print': 'None', 'introspect': 'True', 'write_json': 'True', 'static_parser': 'True', 'log_path': 'logs', 'indirect_selection': 'eager', 'log_cache_events': 'False'}
[0m11:15:21.341074 [info ] [MainThread]: Creating dbt configuration folder at /Users/lgoodwin/.dbt
[0m11:15:21.342020 [debug] [MainThread]: Starter project path: /Users/lgoodwin/workspaces/dbt_udemy/course/.venv/lib/python3.13/site-packages/dbt/include/starter_project
[0m11:15:21.347409 [info ] [MainThread]: 
Your new dbt project "airbnb" was created!

For more information on how to configure the profiles.yml file,
please consult the dbt documentation here:

  https://docs.getdbt.com/docs/configure-your-profile

One more thing:

Need help? Don't hesitate to reach out to us via GitHub issues or on Slack:

  https://community.getdbt.com/

Happy modeling!

[0m11:15:21.369980 [debug] [MainThread]: Resource report: {"command_name": "init", "command_success": true, "command_wall_clock_time": 0.09608213, "process_in_blocks": "0", "process_kernel_time": 0.121655, "process_mem_max_rss": "119324672", "process_out_blocks": "0", "process_user_time": 0.474465}
[0m11:15:21.370281 [debug] [MainThread]: Command `dbt init` succeeded at 11:15:21.370236 after 0.10 seconds
[0m11:15:21.370432 [debug] [MainThread]: Sending event: {'category': 'dbt', 'action': 'invocation', 'label': 'end', 'context': [<snowplow_tracker.self_describing_json.SelfDescribingJson object at 0x1096aa780>, <snowplow_tracker.self_describing_json.SelfDescribingJson object at 0x1097f0050>, <snowplow_tracker.self_describing_json.SelfDescribingJson object at 0x1096a18c0>]}
[0m11:15:21.370580 [debug] [MainThread]: Flushing usage events
[0m11:15:21.731777 [debug] [MainThread]: An error was encountered while trying to flush usage events
[0m11:03:39.055745 [debug] [MainThread]: Sending event: {'category': 'dbt', 'action': 'invocation', 'label': 'start', 'context': [<snowplow_tracker.self_describing_json.SelfDescribingJson object at 0x10812f0e0>, <snowplow_tracker.self_describing_json.SelfDescribingJson object at 0x109757610>, <snowplow_tracker.self_describing_json.SelfDescribingJson object at 0x109757750>]}


============================== 11:03:39.058209 | a305c931-3c9e-44fe-9f6d-9570dda52c8a ==============================
[0m11:03:39.058209 [info ] [MainThread]: Running with dbt=1.11.7
[0m11:03:39.058438 [debug] [MainThread]: running dbt with arguments {'warn_error': 'None', 'introspect': 'True', 'invocation_command': 'dbt compile --inline {{ select_positive_values("dim_listings_cleansed", "minimum_nights")}}', 'version_check': 'True', 'use_colors': 'True', 'no_print': 'None', 'profiles_dir': '/Users/lgoodwin/.dbt', 'use_experimental_parser': 'False', 'write_json': 'True', 'quiet': 'False', 'log_cache_events': 'False', 'static_parser': 'True', 'log_format': 'default', 'indirect_selection': 'eager', 'debug': 'False', 'cache_selected_only': 'False', 'partial_parse': 'True', 'warn_error_options': 'WarnErrorOptionsV2(error=[], warn=[], silence=[])', 'empty': 'False', 'target_path': 'None', 'printer_width': '80', 'send_anonymous_usage_stats': 'True', 'log_path': 'logs', 'fail_fast': 'False'}
[0m11:03:39.058651 [error] [MainThread]: Encountered an error:
Runtime Error
  No dbt_project.yml found at expected path /Users/lgoodwin/workspaces/dbt_udemy/course/dbt_project.yml
  Verify that each entry within packages.yml (and their transitive dependencies) contains a file named dbt_project.yml
  
[0m11:03:39.083048 [debug] [MainThread]: Resource report: {"command_name": "compile", "command_success": false, "command_wall_clock_time": 0.0703895, "process_in_blocks": "0", "process_kernel_time": 0.111311, "process_mem_max_rss": "116916224", "process_out_blocks": "0", "process_user_time": 0.464923}
[0m11:03:39.083364 [debug] [MainThread]: Command `dbt compile` failed at 11:03:39.083318 after 0.07 seconds
[0m11:03:39.083517 [debug] [MainThread]: Sending event: {'category': 'dbt', 'action': 'invocation', 'label': 'end', 'context': [<snowplow_tracker.self_describing_json.SelfDescribingJson object at 0x1097a1940>, <snowplow_tracker.self_describing_json.SelfDescribingJson object at 0x1096239b0>, <snowplow_tracker.self_describing_json.SelfDescribingJson object at 0x1097998c0>]}
[0m11:03:39.083651 [debug] [MainThread]: Flushing usage events
[0m11:03:39.434886 [debug] [MainThread]: An error was encountered while trying to flush usage events
[0m09:48:19.293448 [debug] [MainThread]: Sending event: {'category': 'dbt', 'action': 'invocation', 'label': 'start', 'context': [<snowplow_tracker.self_describing_json.SelfDescribingJson object at 0x1082b70e0>, <snowplow_tracker.self_describing_json.SelfDescribingJson object at 0x1098e3750>, <snowplow_tracker.self_describing_json.SelfDescribingJson object at 0x1098e3610>]}


============================== 09:48:19.296051 | c592753c-318b-4e7b-aba7-72657cac972e ==============================
[0m09:48:19.296051 [info ] [MainThread]: Running with dbt=1.11.7
[0m09:48:19.296288 [debug] [MainThread]: running dbt with arguments {'write_json': 'True', 'target_path': 'None', 'use_experimental_parser': 'False', 'send_anonymous_usage_stats': 'True', 'debug': 'False', 'indirect_selection': 'eager', 'log_format': 'default', 'version_check': 'True', 'printer_width': '80', 'log_cache_events': 'False', 'invocation_command': 'dbt test -s src_hosts+', 'introspect': 'True', 'fail_fast': 'False', 'warn_error_options': 'WarnErrorOptionsV2(error=[], warn=[], silence=[])', 'use_colors': 'True', 'quiet': 'False', 'profiles_dir': '/Users/lgoodwin/.dbt', 'partial_parse': 'True', 'cache_selected_only': 'False', 'empty': 'None', 'no_print': 'None', 'warn_error': 'None', 'log_path': 'logs', 'static_parser': 'True'}
[0m09:48:19.296492 [error] [MainThread]: Encountered an error:
Runtime Error
  No dbt_project.yml found at expected path /Users/lgoodwin/workspaces/dbt_udemy/course/dbt_project.yml
  Verify that each entry within packages.yml (and their transitive dependencies) contains a file named dbt_project.yml
  
[0m09:48:19.297993 [debug] [MainThread]: Resource report: {"command_name": "test", "command_success": false, "command_wall_clock_time": 0.0513925, "process_in_blocks": "0", "process_kernel_time": 0.076905, "process_mem_max_rss": "116752384", "process_out_blocks": "0", "process_user_time": 0.447284}
[0m09:48:19.298177 [debug] [MainThread]: Command `dbt test` failed at 09:48:19.298141 after 0.05 seconds
[0m09:48:19.298292 [debug] [MainThread]: Sending event: {'category': 'dbt', 'action': 'invocation', 'label': 'end', 'context': [<snowplow_tracker.self_describing_json.SelfDescribingJson object at 0x109925940>, <snowplow_tracker.self_describing_json.SelfDescribingJson object at 0x1097ab9b0>, <snowplow_tracker.self_describing_json.SelfDescribingJson object at 0x10991d8c0>]}
[0m09:48:19.298400 [debug] [MainThread]: Flushing usage events
[0m09:48:19.627867 [debug] [MainThread]: An error was encountered while trying to flush usage events
